<?xml version="1.0" encoding="UTF-8"?>
<testng-results ignored="0" total="6" passed="5" failed="1" skipped="0">
  <reporter-output>
  </reporter-output>
  <suite started-at="2025-08-27T09:08:35 IST" name="Regression Test Suite" finished-at="2025-08-27T09:09:43 IST" duration-ms="67857">
    <groups>
    </groups>
    <test started-at="2025-08-27T09:08:35 IST" name="Regression Test" finished-at="2025-08-27T09:09:43 IST" duration-ms="67857">
      <class name="test.MxPlayerHomepageTest">
        <test-method is-config="true" signature="before()[pri:0, instance:test.MxPlayerHomepageTest@2fb3536e]" started-at="2025-08-27T09:09:05 IST" name="before" finished-at="2025-08-27T09:09:14 IST" duration-ms="8647" status="PASS">
          <reporter-output>
          </reporter-output>
        </test-method> <!-- before -->
        <test-method signature="verifyMXPlayerHomepage()[pri:1, instance:test.MxPlayerHomepageTest@2fb3536e]" started-at="2025-08-27T09:09:14 IST" name="verifyMXPlayerHomepage" finished-at="2025-08-27T09:09:18 IST" duration-ms="3647" status="PASS">
          <reporter-output>
          </reporter-output>
        </test-method> <!-- verifyMXPlayerHomepage -->
        <test-method is-config="true" signature="after(org.testng.ITestResult)[pri:0, instance:test.MxPlayerHomepageTest@2fb3536e]" started-at="2025-08-27T09:09:18 IST" name="after" finished-at="2025-08-27T09:09:18 IST" duration-ms="271" status="PASS">
          <params>
            <param index="0">
              <value>
                <![CDATA[[TestResult name=verifyMXPlayerHomepage status=SUCCESS method=MxPlayerHomepageTest.verifyMXPlayerHomepage()[pri:1, instance:test.MxPlayerHomepageTest@2fb3536e] output={null}]]]>
              </value>
            </param>
          </params>
          <reporter-output>
          </reporter-output>
        </test-method> <!-- after -->
        <test-method is-config="true" signature="before()[pri:0, instance:test.MxPlayerHomepageTest@2fb3536e]" started-at="2025-08-27T09:09:18 IST" name="before" finished-at="2025-08-27T09:09:25 IST" duration-ms="6468" status="PASS">
          <reporter-output>
          </reporter-output>
        </test-method> <!-- before -->
        <test-method signature="verifyLinks()[pri:2, instance:test.MxPlayerHomepageTest@2fb3536e]" started-at="2025-08-27T09:09:25 IST" name="verifyLinks" finished-at="2025-08-27T09:09:28 IST" duration-ms="3229" status="FAIL">
          <exception class="java.lang.AssertionError">
            <message>
              <![CDATA[expected [true] but found [false]]]>
            </message>
            <full-stacktrace>
              <![CDATA[java.lang.AssertionError: expected [true] but found [false]
at org.testng.Assert.fail(Assert.java:110)
at org.testng.Assert.failNotEquals(Assert.java:1413)
at org.testng.Assert.assertTrue(Assert.java:56)
at org.testng.Assert.assertTrue(Assert.java:66)
at page.MXPlayerPage.verifyAllLinks(MXPlayerPage.java:22)
at test.MxPlayerHomepageTest.verifyLinks(MxPlayerHomepageTest.java:37)
at java.base/jdk.internal.reflect.DirectMethodHandleAccessor.invoke(DirectMethodHandleAccessor.java:103)
at java.base/java.lang.reflect.Method.invoke(Method.java:580)
at org.testng.internal.invokers.MethodInvocationHelper.invokeMethod(MethodInvocationHelper.java:139)
at org.testng.internal.invokers.TestInvoker.invokeMethod(TestInvoker.java:677)
at org.testng.internal.invokers.TestInvoker.invokeTestMethod(TestInvoker.java:221)
at org.testng.internal.invokers.MethodRunner.runInSequence(MethodRunner.java:50)
at org.testng.internal.invokers.TestInvoker$MethodInvocationAgent.invoke(TestInvoker.java:969)
at org.testng.internal.invokers.TestInvoker.invokeTestMethods(TestInvoker.java:194)
at org.testng.internal.invokers.TestMethodWorker.invokeTestMethods(TestMethodWorker.java:148)
at org.testng.internal.invokers.TestMethodWorker.run(TestMethodWorker.java:128)
at java.base/java.util.ArrayList.forEach(ArrayList.java:1596)
at org.testng.TestRunner.privateRun(TestRunner.java:829)
at org.testng.TestRunner.run(TestRunner.java:602)
at org.testng.SuiteRunner.runTest(SuiteRunner.java:437)
at org.testng.SuiteRunner.runSequentially(SuiteRunner.java:431)
at org.testng.SuiteRunner.privateRun(SuiteRunner.java:391)
at org.testng.SuiteRunner.run(SuiteRunner.java:330)
at org.testng.SuiteRunnerWorker.runSuite(SuiteRunnerWorker.java:52)
at org.testng.SuiteRunnerWorker.run(SuiteRunnerWorker.java:95)
at org.testng.TestNG.runSuitesSequentially(TestNG.java:1256)
at org.testng.TestNG.runSuitesLocally(TestNG.java:1176)
at org.testng.TestNG.runSuites(TestNG.java:1099)
at org.testng.TestNG.run(TestNG.java:1067)
at org.apache.maven.surefire.testng.TestNGExecutor.run(TestNGExecutor.java:283)
at org.apache.maven.surefire.testng.TestNGXmlTestSuite.execute(TestNGXmlTestSuite.java:75)
at org.apache.maven.surefire.testng.TestNGProvider.invoke(TestNGProvider.java:120)
at org.apache.maven.surefire.booter.ForkedBooter.invokeProviderInSameClassLoader(ForkedBooter.java:386)
at org.apache.maven.surefire.booter.ForkedBooter.runSuitesInProcess(ForkedBooter.java:323)
at org.apache.maven.surefire.booter.ForkedBooter.main(ForkedBooter.java:143)
]]>
            </full-stacktrace>
          </exception> <!-- java.lang.AssertionError -->
          <reporter-output>
          </reporter-output>
        </test-method> <!-- verifyLinks -->
        <test-method is-config="true" signature="after(org.testng.ITestResult)[pri:0, instance:test.MxPlayerHomepageTest@2fb3536e]" started-at="2025-08-27T09:09:28 IST" name="after" finished-at="2025-08-27T09:09:29 IST" duration-ms="498" status="PASS">
          <params>
            <param index="0">
              <value>
                <![CDATA[[TestResult name=verifyLinks status=FAILURE method=MxPlayerHomepageTest.verifyLinks()[pri:2, instance:test.MxPlayerHomepageTest@2fb3536e] output={null}]]]>
              </value>
            </param>
          </params>
          <reporter-output>
          </reporter-output>
        </test-method> <!-- after -->
      </class> <!-- test.MxPlayerHomepageTest -->
      <class name="test.SearchProductTest">
        <test-method is-config="true" signature="before()[pri:0, instance:test.SearchProductTest@20ccf40b]" started-at="2025-08-27T09:08:54 IST" name="before" finished-at="2025-08-27T09:09:02 IST" duration-ms="8228" status="PASS">
          <reporter-output>
          </reporter-output>
        </test-method> <!-- before -->
        <test-method signature="searchProductAndVerifyFirstLink()[pri:0, instance:test.SearchProductTest@20ccf40b]" started-at="2025-08-27T09:09:02 IST" name="searchProductAndVerifyFirstLink" finished-at="2025-08-27T09:09:05 IST" duration-ms="3303" status="PASS">
          <reporter-output>
          </reporter-output>
        </test-method> <!-- searchProductAndVerifyFirstLink -->
        <test-method is-config="true" signature="after(org.testng.ITestResult)[pri:0, instance:test.SearchProductTest@20ccf40b]" started-at="2025-08-27T09:09:05 IST" name="after" finished-at="2025-08-27T09:09:05 IST" duration-ms="233" status="PASS">
          <params>
            <param index="0">
              <value>
                <![CDATA[[TestResult name=searchProductAndVerifyFirstLink status=SUCCESS method=SearchProductTest.searchProductAndVerifyFirstLink()[pri:0, instance:test.SearchProductTest@20ccf40b] output={null}]]]>
              </value>
            </param>
          </params>
          <reporter-output>
          </reporter-output>
        </test-method> <!-- after -->
      </class> <!-- test.SearchProductTest -->
      <class name="test.HomepageTest">
        <test-method is-config="true" signature="before()[pri:0, instance:test.HomepageTest@4d02f94e]" started-at="2025-08-27T09:08:35 IST" name="before" finished-at="2025-08-27T09:08:52 IST" duration-ms="16998" status="PASS">
          <reporter-output>
          </reporter-output>
        </test-method> <!-- before -->
        <test-method signature="verifyHomePage()[pri:0, instance:test.HomepageTest@4d02f94e]" started-at="2025-08-27T09:08:52 IST" name="verifyHomePage" finished-at="2025-08-27T09:08:53 IST" duration-ms="88" status="PASS">
          <reporter-output>
          </reporter-output>
        </test-method> <!-- verifyHomePage -->
        <test-method is-config="true" signature="after(org.testng.ITestResult)[pri:0, instance:test.HomepageTest@4d02f94e]" started-at="2025-08-27T09:08:53 IST" name="after" finished-at="2025-08-27T09:08:54 IST" duration-ms="1156" status="PASS">
          <params>
            <param index="0">
              <value>
                <![CDATA[[TestResult name=verifyHomePage status=SUCCESS method=HomepageTest.verifyHomePage()[pri:0, instance:test.HomepageTest@4d02f94e] output={null}]]]>
              </value>
            </param>
          </params>
          <reporter-output>
          </reporter-output>
        </test-method> <!-- after -->
      </class> <!-- test.HomepageTest -->
      <class name="test.SignInPageTest">
        <test-method is-config="true" signature="before()[pri:0, instance:test.SignInPageTest@169e6180]" started-at="2025-08-27T09:09:29 IST" name="before" finished-at="2025-08-27T09:09:35 IST" duration-ms="6212" status="PASS">
          <reporter-output>
          </reporter-output>
        </test-method> <!-- before -->
        <test-method signature="verifySignInPage()[pri:1, instance:test.SignInPageTest@169e6180]" started-at="2025-08-27T09:09:35 IST" name="verifySignInPage" finished-at="2025-08-27T09:09:36 IST" duration-ms="955" status="PASS">
          <reporter-output>
          </reporter-output>
        </test-method> <!-- verifySignInPage -->
        <test-method is-config="true" signature="after(org.testng.ITestResult)[pri:0, instance:test.SignInPageTest@169e6180]" started-at="2025-08-27T09:09:36 IST" name="after" finished-at="2025-08-27T09:09:36 IST" duration-ms="206" status="PASS">
          <params>
            <param index="0">
              <value>
                <![CDATA[[TestResult name=verifySignInPage status=SUCCESS method=SignInPageTest.verifySignInPage()[pri:1, instance:test.SignInPageTest@169e6180] output={null}]]]>
              </value>
            </param>
          </params>
          <reporter-output>
          </reporter-output>
        </test-method> <!-- after -->
        <test-method is-config="true" signature="before()[pri:0, instance:test.SignInPageTest@169e6180]" started-at="2025-08-27T09:09:36 IST" name="before" finished-at="2025-08-27T09:09:42 IST" duration-ms="6146" status="PASS">
          <reporter-output>
          </reporter-output>
        </test-method> <!-- before -->
        <test-method signature="verifySignInFields()[pri:2, instance:test.SignInPageTest@169e6180]" started-at="2025-08-27T09:09:42 IST" name="verifySignInFields" finished-at="2025-08-27T09:09:43 IST" duration-ms="873" status="PASS">
          <reporter-output>
          </reporter-output>
        </test-method> <!-- verifySignInFields -->
        <test-method is-config="true" signature="after(org.testng.ITestResult)[pri:0, instance:test.SignInPageTest@169e6180]" started-at="2025-08-27T09:09:43 IST" name="after" finished-at="2025-08-27T09:09:43 IST" duration-ms="332" status="PASS">
          <params>
            <param index="0">
              <value>
                <![CDATA[[TestResult name=verifySignInFields status=SUCCESS method=SignInPageTest.verifySignInFields()[pri:2, instance:test.SignInPageTest@169e6180] output={null}]]]>
              </value>
            </param>
          </params>
          <reporter-output>
          </reporter-output>
        </test-method> <!-- after -->
      </class> <!-- test.SignInPageTest -->
    </test> <!-- Regression Test -->
  </suite> <!-- Regression Test Suite -->
</testng-results>
