<?xml version="1.0" encoding="UTF-8"?>
<!-- Generated by org.testng.reporters.JUnitXMLReporter -->
<testsuite ignored="6" hostname="Rajdeep" failures="1" tests="6" name="Regression Test" time="53.056" errors="0" timestamp="2025-08-26T08:51:52 IST">
  <testcase classname="test.HomepageTest" name="verifyHomePage" time="0.095"/>
  <testcase classname="test.SearchProductTest" name="searchProductAndVerifyFirstLink" time="2.057"/>
  <testcase classname="test.MxPlayerHomepageTest" name="verifyMXPlayerHomepage" time="3.192"/>
  <testcase classname="test.MxPlayerHomepageTest" name="verifyLinks" time="3.862">
    <failure type="java.lang.AssertionError" message="expected [true] but found [false]">
      <![CDATA[java.lang.AssertionError: expected [true] but found [false]
at page.MXPlayerPage.verifyAllLinks(MXPlayerPage.java:22)
at test.MxPlayerHomepageTest.verifyLinks(MxPlayerHomepageTest.java:35)
at java.base/java.util.ArrayList.forEach(ArrayList.java:1596)
... Removed 32 stack frames]]>
    </failure>
  </testcase> <!-- verifyLinks -->
  <testcase classname="test.SignInPageTest" name="verifySignInPage" time="1.096"/>
  <testcase classname="test.SignInPageTest" name="verifySignInFields" time="1.118"/>
  <testcase classname="test.BaseTest" name="@BeforeTest beforeTest" time="0.0">
    <ignored/>
  </testcase> <!-- @BeforeTest beforeTest -->
  <testcase classname="test.BaseTest" name="@BeforeTest beforeTest" time="0.0">
    <ignored/>
  </testcase> <!-- @BeforeTest beforeTest -->
  <testcase classname="test.BaseTest" name="@AfterTest afterTest" time="0.0">
    <ignored/>
  </testcase> <!-- @AfterTest afterTest -->
  <testcase classname="test.BaseTest" name="@BeforeTest beforeTest" time="0.0">
    <ignored/>
  </testcase> <!-- @BeforeTest beforeTest -->
  <testcase classname="test.BaseTest" name="@AfterTest afterTest" time="0.0">
    <ignored/>
  </testcase> <!-- @AfterTest afterTest -->
  <testcase classname="test.BaseTest" name="@AfterTest afterTest" time="0.0">
    <ignored/>
  </testcase> <!-- @AfterTest afterTest -->
</testsuite> <!-- Regression Test -->
